<?xml version="1.0" encoding="UTF-8"?>
<!-- Generated by org.testng.reporters.JUnitReportReporter -->
<testsuite skipped="0" hostname="HP-HP" name="com.org.test" tests="1" failures="0" timestamp="2021-06-06T07:17:39 IST" time="58.294" errors="0">
  <testcase name="testcase1" time="58.294" classname="com.org.test"/>
  <system-out/>
</testsuite> <!-- com.org.test -->
